<?xml version="1.0" encoding="UTF-8"?>
<testsuite name="edu.miracosta.cs113.DoubleLinkedListTest" tests="38" skipped="0" failures="0" errors="0" timestamp="2021-04-13T18:01:40" hostname="Westleys-MacBook-Pro.local" time="0.027">
  <properties/>
  <testcase name="testAddingOneBySize" classname="edu.miracosta.cs113.DoubleLinkedListTest" time="0.002"/>
  <testcase name="testAddingThreeByToString" classname="edu.miracosta.cs113.DoubleLinkedListTest" time="0.0"/>
  <testcase name="testGetError" classname="edu.miracosta.cs113.DoubleLinkedListTest" time="0.001"/>
  <testcase name="testNewLinkedListByToString" classname="edu.miracosta.cs113.DoubleLinkedListTest" time="0.0"/>
  <testcase name="testGet" classname="edu.miracosta.cs113.DoubleLinkedListTest" time="0.0"/>
  <testcase name="testSet" classname="edu.miracosta.cs113.DoubleLinkedListTest" time="0.0"/>
  <testcase name="testIteratorRemove" classname="edu.miracosta.cs113.DoubleLinkedListTest" time="0.004"/>
  <testcase name="testInsertingByToString" classname="edu.miracosta.cs113.DoubleLinkedListTest" time="0.0"/>
  <testcase name="testClear" classname="edu.miracosta.cs113.DoubleLinkedListTest" time="0.0"/>
  <testcase name="testLastIndexOf" classname="edu.miracosta.cs113.DoubleLinkedListTest" time="0.001"/>
  <testcase name="testIteratorNextIndex" classname="edu.miracosta.cs113.DoubleLinkedListTest" time="0.0"/>
  <testcase name="testRemoveByIndex" classname="edu.miracosta.cs113.DoubleLinkedListTest" time="0.0"/>
  <testcase name="testRemoveByValue" classname="edu.miracosta.cs113.DoubleLinkedListTest" time="0.001"/>
  <testcase name="testIteratorRemoveError" classname="edu.miracosta.cs113.DoubleLinkedListTest" time="0.0"/>
  <testcase name="testIndexOfRepeats" classname="edu.miracosta.cs113.DoubleLinkedListTest" time="0.001"/>
  <testcase name="testIteratorHasNext" classname="edu.miracosta.cs113.DoubleLinkedListTest" time="0.001"/>
  <testcase name="testAddingThreeBySize" classname="edu.miracosta.cs113.DoubleLinkedListTest" time="0.0"/>
  <testcase name="testRemoveErrors" classname="edu.miracosta.cs113.DoubleLinkedListTest" time="0.0"/>
  <testcase name="testIteratorSetError" classname="edu.miracosta.cs113.DoubleLinkedListTest" time="0.0"/>
  <testcase name="testContains" classname="edu.miracosta.cs113.DoubleLinkedListTest" time="0.0"/>
  <testcase name="testAddingOneByToString" classname="edu.miracosta.cs113.DoubleLinkedListTest" time="0.0"/>
  <testcase name="testIteratorNextErrors" classname="edu.miracosta.cs113.DoubleLinkedListTest" time="0.0"/>
  <testcase name="testIteratorConstructorsErrors" classname="edu.miracosta.cs113.DoubleLinkedListTest" time="0.0"/>
  <testcase name="testIteratorAdd" classname="edu.miracosta.cs113.DoubleLinkedListTest" time="0.0"/>
  <testcase name="testIteratorSet" classname="edu.miracosta.cs113.DoubleLinkedListTest" time="0.001"/>
  <testcase name="testNewLinkedListBySize" classname="edu.miracosta.cs113.DoubleLinkedListTest" time="0.0"/>
  <testcase name="testIteratorConstructors" classname="edu.miracosta.cs113.DoubleLinkedListTest" time="0.0"/>
  <testcase name="testIteratorPreviousIndex" classname="edu.miracosta.cs113.DoubleLinkedListTest" time="0.0"/>
  <testcase name="testIteratorHasPrevious" classname="edu.miracosta.cs113.DoubleLinkedListTest" time="0.0"/>
  <testcase name="testEquals" classname="edu.miracosta.cs113.DoubleLinkedListTest" time="0.0"/>
  <testcase name="testLastIndexOfRepeats1" classname="edu.miracosta.cs113.DoubleLinkedListTest" time="0.001"/>
  <testcase name="testLastIndexOfRepeats2" classname="edu.miracosta.cs113.DoubleLinkedListTest" time="0.001"/>
  <testcase name="testIndexOf" classname="edu.miracosta.cs113.DoubleLinkedListTest" time="0.0"/>
  <testcase name="testIteratorNext" classname="edu.miracosta.cs113.DoubleLinkedListTest" time="0.0"/>
  <testcase name="testIteratorPrevious" classname="edu.miracosta.cs113.DoubleLinkedListTest" time="0.0"/>
  <testcase name="testIteratorPreviousErrors" classname="edu.miracosta.cs113.DoubleLinkedListTest" time="0.0"/>
  <testcase name="testErrorsIndexOfLastIndexOf" classname="edu.miracosta.cs113.DoubleLinkedListTest" time="0.0"/>
  <testcase name="testSetError" classname="edu.miracosta.cs113.DoubleLinkedListTest" time="0.001"/>
  <system-out><![CDATA[String list before removal: [first, second, third]
String list after removal: [second, third]
Int list before removal: [100, 200, 300]
Int list after removal: [100, 300]
Double list before removal: [1.1, 2.2, 3.3]
Double list after removal: [1.1, 3.3]
Char list before removal: [A, B, C]
Char list after removal: [A, B]
before remove, string list = [w00t, first, second, third]
before remove, int list = [100, 555, 200, 300]
before remove, char list = [A, B, X, C]
before remove, double list = [1.1, 2.2, 3.3, -3.14]

after remove, string list = [first, second, third]
after remove, int list = [100, 200, 300]
after remove, char list = [A, B, C]
after remove, double list = [1.1, 2.2, 3.3]
Int list before removal: [100, 200, 300]
Int list after removal: [100, 200, 300]
new string list = [first, first, second, third, fourth, first]
new int list = [100, 200, 200, 300, 400, 200]
new char list = [A, B, C, C, D, C]
new double list = [1.1, 2.2, 3.3, 4.4, 4.4, 4.4]
String list before set: [first, second, third]
String list after set: [first, second, third]
String list before set: [first, second, third]
String list after set: [w00t, second, third]
Int list before set: [100, 200, 300]
Int list after set: [100, 555, 300]
Double list before set: [1.1, 2.2, 3.3]
Double list after set: [1.1, -3.14, 3.3]
Char list before set: [A, B, C]
Char list after set: [A, B, X]
new string list = [first, first, second, third, fourth]
new int list = [100, 200, 200, 300, 400]
new char list = [A, B, C, C, D]
new double list = [1.1, 2.2, 3.3, 4.4, 4.4]
new string list = [first, second, third, fourth, first]
new int list = [100, 200, 300, 400, 200]
new char list = [A, B, C, D, C]
new double list = [1.1, 2.2, 3.3, 4.4, 4.4]
]]></system-out>
  <system-err><![CDATA[]]></system-err>
</testsuite>
