<?xml version="1.0" encoding="UTF-8"?>
<testsuite name="edu.miracosta.cs113.ChangeCalculatorTest" tests="1" skipped="0" failures="0" errors="0" timestamp="2021-05-07T21:09:13" hostname="Westleys-MacBook-Pro.local" time="0.013">
  <properties/>
  <testcase name="testDuplicates" classname="edu.miracosta.cs113.ChangeCalculatorTest" time="0.013"/>
  <system-out><![CDATA[true
]]></system-out>
  <system-err><![CDATA[]]></system-err>
</testsuite>
