<?xml version="1.0" encoding="UTF-8"?>
<testsuite name="IsPowerOfTwoTest" tests="3" skipped="0" failures="0" errors="0" timestamp="2021-04-15T00:15:56" hostname="Westleys-MacBook-Pro.local" time="0.019">
  <properties/>
  <testcase name="oddNumberTest()" classname="IsPowerOfTwoTest" time="0.015"/>
  <testcase name="evenNumberFalseTest()" classname="IsPowerOfTwoTest" time="0.001"/>
  <testcase name="evenNumbersTrueTest()" classname="IsPowerOfTwoTest" time="0.001"/>
  <system-out><![CDATA[]]></system-out>
  <system-err><![CDATA[]]></system-err>
</testsuite>
