<?xml version="1.0" encoding="UTF-8"?>
<testsuite name="edu.miracosta.cs113.MorseCodeTreeTest" tests="3" skipped="0" failures="0" errors="0" timestamp="2021-05-12T02:06:06" hostname="Westleys-MacBook-Pro.local" time="0.01">
  <properties/>
  <testcase name="testErrors" classname="edu.miracosta.cs113.MorseCodeTreeTest" time="0.007"/>
  <testcase name="singleLettersTest" classname="edu.miracosta.cs113.MorseCodeTreeTest" time="0.002"/>
  <testcase name="multipleLettersTest" classname="edu.miracosta.cs113.MorseCodeTreeTest" time="0.001"/>
  <system-out><![CDATA[]]></system-out>
  <system-err><![CDATA[]]></system-err>
</testsuite>
